Arguments: 
  C:\Program Files\nodejs\node.exe C:\Program Files (x86)\Yarn\bin\yarn.js install

PATH: 
  C:\Users\pedro\AppData\Local\Programs\Python\Python38\Scripts\;C:\Users\pedro\AppData\Local\Programs\Python\Python38\;C:\Python39\Scripts\;C:\Python39\;C:\Program Files (x86)\Common Files\Oracle\Java\javapath;D:\Python\Scripts\;D:\Python\;C:\Windows\system32;C:\Windows;C:\Windows\System32\Wbem;C:\Windows\System32\WindowsPowerShell\v1.0\;C:\Windows\System32\OpenSSH\;C:\Program Files\NVIDIA Corporation\NVIDIA NvDLISR;C:\Program Files (x86)\NVIDIA Corporation\PhysX\Common;C:\Program Files\Crucial\Crucial Storage Executive;C:\WINDOWS\system32;C:\WINDOWS;C:\WINDOWS\System32\Wbem;C:\WINDOWS\System32\WindowsPowerShell\v1.0\;C:\WINDOWS\System32\OpenSSH\;C:\Program Files\nodejs\;C:\ProgramData\chocolatey\bin;C:\Program Files\MongoDB\Server\5.0\bin;C:\Program Files\PostgreSQL\13\bin;C:\Program Files\Git\cmd;C:\Program Files (x86)\Yarn\bin\;C:\Users\pedro\AppData\Local\Programs\Python\Python39\Scripts\;C:\Users\pedro\AppData\Local\Programs\Python\Python39\;C:\Users\pedro\AppData\Local\Microsoft\WindowsApps;D:\PyCharm Community Edition 2020.1.1\bin;C:\Users\pedro\AppData\Local\Microsoft\WindowsApps;D:\Microsoft VS Code\bin;C:\Users\pedro\AppData\Roaming\npm;C:\Users\pedro\AppData\Local\GitHubDesktop\bin;C:\Users\pedro\AppData\Local\Yarn\bin;C:\tools\dart-sdk\bin;C:\Users\pedro\AppData\Roaming\Pub\Cache\bin;

Yarn version: 
  1.22.5

Node version: 
  14.17.3

Platform: 
  win32 x64

Trace: 
  Error: EPERM: operation not permitted, copyfile 'C:\Users\pedro\AppData\Local\Yarn\Cache\v6\npm-ua-parser-js-0.7.29-aad8d679f15a721ed79454d553e3473f9f0536f1-integrity\node_modules\ua-parser-js\preinstall.bat' -> 'C:\Programming\js\nlwheatapp\node_modules\ua-parser-js\preinstall.bat'

npm manifest: 
  {
    "main": "node_modules/expo/AppEntry.js",
    "scripts": {
      "start": "expo start",
      "android": "expo start --android",
      "ios": "expo start --ios",
      "web": "expo start --web",
      "eject": "expo eject"
    },
    "dependencies": {
      "expo": "~43.0.0",
      "expo-status-bar": "~1.1.0",
      "react": "17.0.1",
      "react-dom": "17.0.1",
      "react-native": "0.64.2",
      "react-native-web": "0.17.1"
    },
    "devDependencies": {
      "@babel/core": "^7.12.9",
      "@types/react": "~17.0.21",
      "@types/react-native": "~0.64.12",
      "typescript": "~4.3.5"
    },
    "private": true
  }

yarn manifest: 
  No manifest

Lockfile: 
  No lockfile
